22:30:04.252 [main] INFO  testclass.TC_001_AccountRegistrationTest - ******* Starting TC_001_AccountRegistrationTest *******
22:30:04.979 [main] INFO  testclass.TC_001_AccountRegistrationTest - clicked on signup
22:30:04.986 [main] INFO  testclass.TC_001_AccountRegistrationTest - providng customer details
22:30:07.624 [main] INFO  testclass.TC_001_AccountRegistrationTest - clicked on continue button
22:30:07.660 [main] INFO  testclass.TC_001_AccountRegistrationTest - validating info
22:30:07.663 [main] INFO  testclass.TC_001_AccountRegistrationTest - finished
22:37:23.848 [main] INFO  testclass.TC_001_AccountRegistrationTest - ******* Starting TC_001_AccountRegistrationTest *******
22:37:24.726 [main] INFO  testclass.TC_001_AccountRegistrationTest - clicked on signup
22:37:24.733 [main] INFO  testclass.TC_001_AccountRegistrationTest - providng customer details
22:37:27.664 [main] INFO  testclass.TC_001_AccountRegistrationTest - clicked on continue button
22:37:27.729 [main] INFO  testclass.TC_001_AccountRegistrationTest - validating info
22:37:27.731 [main] INFO  testclass.TC_001_AccountRegistrationTest - finished
22:46:23.571 [main] INFO  testclass.TC_001_AccountRegistrationTest - ******* Starting TC_001_AccountRegistrationTest *******
22:46:24.329 [main] INFO  testclass.TC_001_AccountRegistrationTest - clicked on signup
22:46:24.334 [main] INFO  testclass.TC_001_AccountRegistrationTest - providng customer details
22:46:26.820 [main] INFO  testclass.TC_001_AccountRegistrationTest - clicked on continue button
22:46:26.854 [main] INFO  testclass.TC_001_AccountRegistrationTest - validating info
22:46:26.858 [main] INFO  testclass.TC_001_AccountRegistrationTest - finished
22:47:19.045 [main] INFO  testclass.TC_001_AccountRegistrationTest - ******* Starting TC_001_AccountRegistrationTest *******
22:47:19.932 [main] INFO  testclass.TC_001_AccountRegistrationTest - clicked on signup
22:47:19.945 [main] INFO  testclass.TC_001_AccountRegistrationTest - providng customer details
22:47:21.831 [main] INFO  testclass.TC_001_AccountRegistrationTest - clicked on continue button
22:47:21.892 [main] INFO  testclass.TC_001_AccountRegistrationTest - validating info
22:47:21.894 [main] INFO  testclass.TC_001_AccountRegistrationTest - finished
22:50:45.376 [TestNG-tests-1] INFO  testclass.TC_001_AccountRegistrationTest - ******* Starting TC_001_AccountRegistrationTest *******
22:50:45.376 [TestNG-tests-2] INFO  testclass.TC_001_AccountRegistrationTest - ******* Starting TC_001_AccountRegistrationTest *******
22:50:46.201 [TestNG-tests-1] INFO  testclass.TC_001_AccountRegistrationTest - clicked on signup
22:50:46.214 [TestNG-tests-1] INFO  testclass.TC_001_AccountRegistrationTest - providng customer details
22:50:46.218 [TestNG-tests-2] INFO  testclass.TC_001_AccountRegistrationTest - clicked on signup
22:50:46.223 [TestNG-tests-2] INFO  testclass.TC_001_AccountRegistrationTest - providng customer details
22:50:47.831 [TestNG-tests-2] INFO  testclass.TC_001_AccountRegistrationTest - clicked on continue button
22:50:47.862 [TestNG-tests-2] INFO  testclass.TC_001_AccountRegistrationTest - validating info
22:50:47.864 [TestNG-tests-2] INFO  testclass.TC_001_AccountRegistrationTest - finished
22:50:49.026 [TestNG-tests-1] INFO  testclass.TC_001_AccountRegistrationTest - clicked on continue button
22:50:49.064 [TestNG-tests-1] INFO  testclass.TC_001_AccountRegistrationTest - validating info
22:50:49.064 [TestNG-tests-1] INFO  testclass.TC_001_AccountRegistrationTest - finished
23:03:23.436 [main] INFO  testclass.TC_001_AccountRegistrationTest - ******* Starting TC_001_AccountRegistrationTest *******
23:03:24.571 [main] INFO  testclass.TC_001_AccountRegistrationTest - clicked on signup
23:03:24.581 [main] INFO  testclass.TC_001_AccountRegistrationTest - providng customer details
23:03:27.413 [main] INFO  testclass.TC_001_AccountRegistrationTest - clicked on continue button
23:03:27.453 [main] INFO  testclass.TC_001_AccountRegistrationTest - validating info
23:03:27.458 [main] INFO  testclass.TC_001_AccountRegistrationTest - finished
23:39:24.863 [main] INFO  testclass.TC_001_AccountRegistrationTest - ******* Starting TC_001_AccountRegistrationTest *******
23:39:25.634 [main] INFO  testclass.TC_001_AccountRegistrationTest - clicked on signup
23:39:25.640 [main] INFO  testclass.TC_001_AccountRegistrationTest - providng customer details
23:39:28.141 [main] INFO  testclass.TC_001_AccountRegistrationTest - clicked on continue button
23:39:28.179 [main] INFO  testclass.TC_001_AccountRegistrationTest - validating info
23:39:28.182 [main] INFO  testclass.TC_001_AccountRegistrationTest - finished
23:41:45.428 [main] INFO  testclass.TC_001_AccountRegistrationTest - ******* Starting TC_001_AccountRegistrationTest *******
23:41:46.199 [main] INFO  testclass.TC_001_AccountRegistrationTest - clicked on signup
23:41:46.205 [main] INFO  testclass.TC_001_AccountRegistrationTest - providng customer details
23:41:46.664 [main] INFO  testclass.TC_001_AccountRegistrationTest - clicked on continue button
23:41:56.721 [main] INFO  testclass.TC_001_AccountRegistrationTest - validating info
23:43:24.416 [main] INFO  testclass.TC_001_AccountRegistrationTest - ******* Starting TC_001_AccountRegistrationTest *******
23:43:25.158 [main] INFO  testclass.TC_001_AccountRegistrationTest - clicked on signup
23:43:25.165 [main] INFO  testclass.TC_001_AccountRegistrationTest - providng customer details
23:43:25.686 [main] INFO  testclass.TC_001_AccountRegistrationTest - clicked on continue button
23:43:35.737 [main] INFO  testclass.TC_001_AccountRegistrationTest - validating info
21:14:11.251 [main] INFO  testclass.TC_002_LoginTest - Starting TC_002_LoginTest
21:16:23.984 [main] INFO  testclass.TC_002_LoginTest - Starting TC_002_LoginTest
21:16:27.926 [main] INFO  testclass.TC_002_LoginTest -  Finished TC_002_LoginTest
21:47:16.444 [main] INFO  testclass.TC_003_LoginDataDrivenTest -  Starting TC_003_LoginDataDrivenTest 
21:47:21.399 [main] INFO  testclass.TC_003_LoginDataDrivenTest -  Finished TC_003_LoginDataDrivenTest
21:47:21.419 [main] INFO  testclass.TC_003_LoginDataDrivenTest -  Starting TC_003_LoginDataDrivenTest 
21:47:31.642 [main] INFO  testclass.TC_003_LoginDataDrivenTest -  Starting TC_003_LoginDataDrivenTest 
21:47:41.826 [main] INFO  testclass.TC_003_LoginDataDrivenTest -  Starting TC_003_LoginDataDrivenTest 
21:49:22.022 [main] INFO  testclass.TC_003_LoginDataDrivenTest -  Starting TC_003_LoginDataDrivenTest 
21:49:27.693 [main] INFO  testclass.TC_003_LoginDataDrivenTest -  Finished TC_003_LoginDataDrivenTest
21:49:27.724 [main] INFO  testclass.TC_003_LoginDataDrivenTest -  Starting TC_003_LoginDataDrivenTest 
21:56:14.606 [main] INFO  testclass.TC_003_LoginDataDrivenTest -  Starting TC_003_LoginDataDrivenTest 
21:56:20.668 [main] INFO  testclass.TC_003_LoginDataDrivenTest -  Finished TC_003_LoginDataDrivenTest
21:56:20.693 [main] INFO  testclass.TC_003_LoginDataDrivenTest -  Starting TC_003_LoginDataDrivenTest 
21:56:25.320 [main] INFO  testclass.TC_003_LoginDataDrivenTest -  Starting TC_003_LoginDataDrivenTest 
21:56:29.070 [main] INFO  testclass.TC_003_LoginDataDrivenTest -  Starting TC_003_LoginDataDrivenTest 
21:56:33.171 [main] INFO  testclass.TC_003_LoginDataDrivenTest -  Finished TC_003_LoginDataDrivenTest
21:56:33.175 [main] INFO  testclass.TC_003_LoginDataDrivenTest -  Starting TC_003_LoginDataDrivenTest 
21:57:54.660 [main] INFO  testclass.TC_003_LoginDataDrivenTest -  Starting TC_003_LoginDataDrivenTest 
21:58:01.388 [main] INFO  testclass.TC_003_LoginDataDrivenTest -  Finished TC_003_LoginDataDrivenTest
21:58:01.416 [main] INFO  testclass.TC_003_LoginDataDrivenTest -  Starting TC_003_LoginDataDrivenTest 
21:58:06.376 [main] INFO  testclass.TC_003_LoginDataDrivenTest -  Starting TC_003_LoginDataDrivenTest 
21:58:12.616 [main] INFO  testclass.TC_003_LoginDataDrivenTest -  Starting TC_003_LoginDataDrivenTest 
21:58:17.319 [main] INFO  testclass.TC_003_LoginDataDrivenTest -  Finished TC_003_LoginDataDrivenTest
21:58:17.326 [main] INFO  testclass.TC_003_LoginDataDrivenTest -  Starting TC_003_LoginDataDrivenTest 
22:01:41.473 [main] INFO  testclass.TC_003_LoginDataDrivenTest -  Starting TC_003_LoginDataDrivenTest 
22:01:50.843 [main] INFO  testclass.TC_003_LoginDataDrivenTest -  Finished TC_003_LoginDataDrivenTest
22:01:50.862 [main] INFO  testclass.TC_003_LoginDataDrivenTest -  Starting TC_003_LoginDataDrivenTest 
22:01:57.048 [main] INFO  testclass.TC_003_LoginDataDrivenTest -  Starting TC_003_LoginDataDrivenTest 
22:02:05.398 [main] INFO  testclass.TC_003_LoginDataDrivenTest -  Starting TC_003_LoginDataDrivenTest 
22:02:12.241 [main] INFO  testclass.TC_003_LoginDataDrivenTest -  Finished TC_003_LoginDataDrivenTest
22:02:12.244 [main] INFO  testclass.TC_003_LoginDataDrivenTest -  Starting TC_003_LoginDataDrivenTest 
22:05:05.210 [main] INFO  testclass.TC_003_LoginDataDrivenTest -  Starting TC_003_LoginDataDrivenTest 
22:05:12.696 [main] INFO  testclass.TC_003_LoginDataDrivenTest -  Finished TC_003_LoginDataDrivenTest
22:05:12.714 [main] INFO  testclass.TC_003_LoginDataDrivenTest -  Starting TC_003_LoginDataDrivenTest 
22:05:19.593 [main] INFO  testclass.TC_003_LoginDataDrivenTest -  Starting TC_003_LoginDataDrivenTest 
22:05:26.296 [main] INFO  testclass.TC_003_LoginDataDrivenTest -  Starting TC_003_LoginDataDrivenTest 
22:05:32.660 [main] INFO  testclass.TC_003_LoginDataDrivenTest -  Finished TC_003_LoginDataDrivenTest
22:05:32.666 [main] INFO  testclass.TC_003_LoginDataDrivenTest -  Starting TC_003_LoginDataDrivenTest 
22:25:05.926 [main] INFO  testclass.TC_001_AccountRegistrationTest - ******* Starting TC_001_AccountRegistrationTest *******
22:25:06.729 [main] INFO  testclass.TC_001_AccountRegistrationTest - clicked on signup
22:25:06.734 [main] INFO  testclass.TC_001_AccountRegistrationTest - providng customer details
22:25:08.321 [main] INFO  testclass.TC_001_AccountRegistrationTest - clicked on continue button
22:25:08.355 [main] INFO  testclass.TC_001_AccountRegistrationTest - validating info
22:25:08.360 [main] INFO  testclass.TC_001_AccountRegistrationTest - finished
22:25:14.885 [main] INFO  testclass.TC_002_LoginTest - Starting TC_002_LoginTest
22:25:19.823 [main] INFO  testclass.TC_002_LoginTest -  Finished TC_002_LoginTest
22:26:11.989 [main] INFO  testclass.TC_002_LoginTest - Starting TC_002_LoginTest
22:26:16.686 [main] INFO  testclass.TC_002_LoginTest -  Finished TC_002_LoginTest
22:28:47.728 [main] INFO  testclass.TC_001_AccountRegistrationTest - ******* Starting TC_001_AccountRegistrationTest *******
22:28:48.479 [main] INFO  testclass.TC_001_AccountRegistrationTest - clicked on signup
22:28:48.483 [main] INFO  testclass.TC_001_AccountRegistrationTest - providng customer details
22:28:50.049 [main] INFO  testclass.TC_001_AccountRegistrationTest - clicked on continue button
22:28:50.088 [main] INFO  testclass.TC_001_AccountRegistrationTest - validating info
22:28:50.090 [main] INFO  testclass.TC_001_AccountRegistrationTest - finished
22:28:58.705 [main] INFO  testclass.TC_002_LoginTest - Starting TC_002_LoginTest
22:31:41.579 [main] INFO  testclass.TC_002_LoginTest - Starting TC_002_LoginTest
22:31:46.756 [main] INFO  testclass.TC_002_LoginTest -  Finished TC_002_LoginTest
22:51:38.142 [main] INFO  testclass.TC_001_AccountRegistrationTest - ******* Starting TC_001_AccountRegistrationTest *******
22:51:39.592 [main] INFO  testclass.TC_001_AccountRegistrationTest - clicked on signup
22:51:39.597 [main] INFO  testclass.TC_001_AccountRegistrationTest - providng customer details
22:51:42.209 [main] INFO  testclass.TC_001_AccountRegistrationTest - clicked on continue button
22:51:42.251 [main] INFO  testclass.TC_001_AccountRegistrationTest - validating info
22:51:42.254 [main] INFO  testclass.TC_001_AccountRegistrationTest - finished
22:51:48.013 [main] INFO  testclass.TC_002_LoginTest - Starting TC_002_LoginTest
22:51:53.660 [main] INFO  testclass.TC_002_LoginTest -  Finished TC_002_LoginTest
23:10:51.482 [main] INFO  testclass.TC_001_AccountRegistrationTest - ******* Starting TC_001_AccountRegistrationTest *******
23:10:52.296 [main] INFO  testclass.TC_001_AccountRegistrationTest - clicked on signup
23:10:52.301 [main] INFO  testclass.TC_001_AccountRegistrationTest - providng customer details
23:10:54.805 [main] INFO  testclass.TC_001_AccountRegistrationTest - clicked on continue button
23:10:54.843 [main] INFO  testclass.TC_001_AccountRegistrationTest - validating info
23:10:54.846 [main] INFO  testclass.TC_001_AccountRegistrationTest - finished
23:11:00.561 [main] INFO  testclass.TC_002_LoginTest - Starting TC_002_LoginTest
23:11:07.373 [main] INFO  testclass.TC_002_LoginTest -  Finished TC_002_LoginTest
21:07:30.888 [main] INFO  testclass.TC_001_AccountRegistrationTest - ******* Starting TC_001_AccountRegistrationTest *******
21:07:31.623 [main] INFO  testclass.TC_001_AccountRegistrationTest - clicked on signup
21:07:31.627 [main] INFO  testclass.TC_001_AccountRegistrationTest - providng customer details
21:07:33.134 [main] INFO  testclass.TC_001_AccountRegistrationTest - clicked on continue button
21:07:33.172 [main] INFO  testclass.TC_001_AccountRegistrationTest - validating info
21:07:33.174 [main] INFO  testclass.TC_001_AccountRegistrationTest - finished
21:07:38.349 [main] INFO  testclass.TC_002_LoginTest - Starting TC_002_LoginTest
21:07:42.233 [main] INFO  testclass.TC_002_LoginTest -  Finished TC_002_LoginTest
21:08:24.205 [main] INFO  testclass.TC_001_AccountRegistrationTest - ******* Starting TC_001_AccountRegistrationTest *******
21:08:24.919 [main] INFO  testclass.TC_001_AccountRegistrationTest - clicked on signup
21:08:24.924 [main] INFO  testclass.TC_001_AccountRegistrationTest - providng customer details
21:08:26.332 [main] INFO  testclass.TC_001_AccountRegistrationTest - clicked on continue button
21:08:26.371 [main] INFO  testclass.TC_001_AccountRegistrationTest - validating info
21:08:26.373 [main] INFO  testclass.TC_001_AccountRegistrationTest - finished
21:08:31.864 [main] INFO  testclass.TC_002_LoginTest - Starting TC_002_LoginTest
21:08:36.699 [main] INFO  testclass.TC_002_LoginTest -  Finished TC_002_LoginTest
